<?xml version="1.0" encoding="UTF-8"?>
<!-- Generated by org.testng.reporters.JUnitReportReporter -->
<testsuite hostname="DESKTOP-DJIH3EI" failures="0" tests="1" name="com.Capstan.CustomerLogin.MLoginTest" time="86.380" errors="0" timestamp="2024-03-08T08:44:44 IST" skipped="0">
  <testcase classname="com.Capstan.CustomerLogin.MLoginTest" name="ManagerLoginTest" time="86.380"/>
  <system-out/>
</testsuite> <!-- com.Capstan.CustomerLogin.MLoginTest -->
